2026-06-16T13:44:25.711Z - Refresh triggered
2026-06-16T13:44:25.770Z - Refresh triggered
=== 光大环境投标筛选 | 2026-06-16 ===
正在获取公告列表...
=== 光大环境投标筛选 | 2026-06-16 ===
正在获取公告列表...
  第1页: 8条
  第1页: 8条
  第2页: 8条
  第2页: 8条
  第3页: 8条
  第3页: 8条
  第4页: 8条
  第4页: 8条
  第5页: 8条
  第5页: 8条
  第6页: 8条
  第6页: 8条
  第7页: 8条
  第7页: 8条
  第8页: 8条
  第8页: 8条
  第9页: 8条
  第9页: 8条
  第10页: 8条
  第10页: 8条
  第11页: 8条
  第11页: 8条
  第12页: 8条
  第12页: 8条
  第13页: 8条
  第13页: 8条
  第14页: 8条  第14页: 8条

  第15页: 8条
  第15页: 8条
  第16页: 8条
  第16页: 8条
  第17页: 8条
  第17页: 8条
  第18页: 8条
  第18页: 8条
  第19页: 8条
  第19页: 8条
  第20页: 8条
  第20页: 8条
  第21页: 8条
  第21页: 8条
  第22页: 8条
  第22页: 8条
  第23页: 8条  第23页: 8条

  第24页: 8条
  第24页: 8条
  第25页: 8条
  第25页: 8条
  第26页: 8条
  第26页: 8条
  第27页: 8条
  第27页: 8条
  第28页: 8条
  第28页: 8条
  第29页: 8条
  第29页: 8条
  第30页: 8条
  第30页: 8条
共 240 条公告
共 240 条公告
[推荐投标] 39  [需核实] 33  [不相关] 168
  [1/39] [推荐投标] 39  [需核实] 33  [不相关] 168
  [1/39] HBNY-GX-2026-7590HBNY-GX-2026-7590  [2/39]   [2/39] HBNY-GX-2026-7696HBNY-GX-2026-7696  [3/39]   [3/39] HBNY-GX-2026-7521HBNY-GX-2026-7521  [4/39]   [4/39] LSHB-GX-2026-3209LSHB-GX-2026-3209  [5/39]   [5/39] LSHB-GX-2026-3285LSHB-GX-2026-3285  [6/39]   [6/39] HBNYGC-GZ-2026-0738HBNYGC-GZ-2026-0738  [7/39]   [7/39] HBNY-GX-2026-7583HBNY-GX-2026-7583  [8/39]   [8/39] HBNY-GX-2026-7504HBNY-GX-2026-7504  [9/39]   [9/39] HBNY-GX-2026-7249HBNY-GX-2026-7249  [10/39]   [10/39] HBNY-GX-2026-7509HBNY-GX-2026-7509  [11/39]   [11/39] HBNY-GX-2026-7511HBNY-GX-2026-7511  [12/39]   [12/39] HBNY-GX-2026-7455HBNY-GX-2026-7455  [13/39]   [13/39] HBNYGC-GZ-2026-0740HBNYGC-GZ-2026-0740  [14/39]   [14/39] LSHB-GX-2026-3309LSHB-GX-2026-3309  [15/39]   [15/39] HBNY-GX-2026-7420HBNY-GX-2026-7420  [16/39]   [16/39] HBNY-GX-2026-7502HBNY-GX-2026-7502  [17/39]   [17/39] GDSW-GX-2026-1831GDSW-GX-2026-1831  [18/39]   [18/39] HBNY-GX-2026-7477HBNY-GX-2026-7477  [19/39]   [19/39] HBNY-GX-2026-7505HBNY-GX-2026-7505  [20/39]   [20/39] HBNY-GX-2026-7492HBNY-GX-2026-7492  [21/39]   [21/39] HBNY-GX-2026-7518HBNY-GX-2026-7518  [22/39]   [22/39] HBNY-GX-2026-7503HBNY-GX-2026-7503  [23/39]   [23/39] GDSW-GX-2026-2260GDSW-GX-2026-2260  [24/39]   [24/39] HBNY-GX-2026-7538HBNY-GX-2026-7538  [25/39]   [25/39] HBNY-GX-2026-7485HBNY-GX-2026-7485  [26/39]   [26/39] HBNY-GX-2026-7390HBNY-GX-2026-7390  [27/39]   [27/39] HBNY-GX-2026-7526HBNY-GX-2026-7526  [28/39]   [28/39] LSHB-GX-2026-3270LSHB-GX-2026-3270  [29/39]   [29/39] ZBZZ-GX-2026-0459ZBZZ-GX-2026-0459  [30/39]   [30/39] GDSWGC-GZ-2026-0143GDSWGC-GZ-2026-0143  [31/39]   [31/39] LSHB-GX-2026-3260LSHB-GX-2026-3260  [32/39]   [32/39] HBNYGC-GZ-2026-0732HBNYGC-GZ-2026-0732  [33/39]   [33/39] LSHB-GX-2026-3306LSHB-GX-2026-3306  [34/39]   [34/39] ZBZZ-GX-2026-0452ZBZZ-GX-2026-0452  [35/39]   [35/39] LSHB-GX-2026-3303LSHB-GX-2026-3303  [36/39]   [36/39] LSHB-GX-2026-3301LSHB-GX-2026-3301  [37/39]   [37/39] GDSW-GX-2026-2296GDSW-GX-2026-2296  [38/39]   [38/39] HBNY-GX-2026-7413HBNY-GX-2026-7413  [39/39]   [39/39] HBNY-GX-2026-7395HBNY-GX-2026-7395JSON 已保存
? HTML 报告已生成
JSON 已保存
正在推送到 GitHub...
? HTML 报告已生成
正在推送到 GitHub...
warning: in the working copy of 'index.html', LF will be replaced by CRLF the next time Git touches it
warning: in the working copy of 'refresh.log', LF will be replaced by CRLF the next time Git touches it
warning: in the working copy of 'index.html', LF will be replaced by CRLF the next time Git touches it
warning: in the working copy of 'refresh.log', LF will be replaced by CRLF the next time Git touches it
[main f2474b9] 姣忔棩鏇存柊 2026-06-16
 5 files changed, 1942 insertions(+), 1853 deletions(-)
 create mode 100644 refresh.log
[main 5000aa5] 姣忔棩鏇存柊 2026-06-16
git : fatal: unable to access 'https://github.com/qingye111111-arch/jh-yb-report.git/': Empty reply from server
所在位置 D:\光大环境投标报告\check_ebid.ps1:86 字符: 1
+ git push origin main 2>&1
+ ~~~~~~~~~~~~~~~~~~~~~~~~~
    + CategoryInfo          : NotSpecified: (fatal: unable t...ply from server:String) [], RemoteException
    + FullyQualifiedErrorId : NativeCommandError
 
? GitHub Pages 已更新
微信推送成功
git : fatal: unable to access 'https://github.com/qingye111111-arch/jh-yb-report.git/': Recv failure: Connection was re
set
所在位置 D:\光大环境投标报告\check_ebid.ps1:86 字符: 1
+ git push origin main 2>&1
+ ~~~~~~~~~~~~~~~~~~~~~~~~~
    + CategoryInfo          : NotSpecified: (fatal: unable t...ction was reset:String) [], RemoteException
    + FullyQualifiedErrorId : NativeCommandError
 
? GitHub Pages 已更新
微信推送成功
2026-06-16T13:46:09.085Z - Refresh triggered
=== 光大环境投标筛选 | 2026-06-16 ===
正在获取公告列表...
  第1页: 8条
  第2页: 8条
  第3页: 8条
  第4页: 8条
  第5页: 8条
  第6页: 8条
  第7页: 8条
  第8页: 8条
  第9页: 8条
  第10页: 8条
  第11页: 8条
  第12页: 8条
  第13页: 8条
  第14页: 8条
  第15页: 8条
  第16页: 8条
  第17页: 8条
  第18页: 8条
  第19页: 8条
  第20页: 8条
  第21页: 8条
  第22页: 8条
  第23页: 8条
  第24页: 8条
  第25页: 8条
  第26页: 8条
  第27页: 8条
  第28页: 8条
  第29页: 8条
  第30页: 8条
共 240 条公告
[推荐投标] 39  [需核实] 33  [不相关] 168
  [1/39] HBNY-GX-2026-7590  [2/39] HBNY-GX-2026-7696  [3/39] HBNY-GX-2026-7521  [4/39] LSHB-GX-2026-3209  [5/39] LSHB-GX-2026-3285  [6/39] HBNYGC-GZ-2026-0738  [7/39] HBNY-GX-2026-7583  [8/39] HBNY-GX-2026-7504  [9/39] HBNY-GX-2026-7249  [10/39] HBNY-GX-2026-7509  [11/39] HBNY-GX-2026-7511  [12/39] HBNY-GX-2026-7455  [13/39] HBNYGC-GZ-2026-0740  [14/39] LSHB-GX-2026-3309  [15/39] HBNY-GX-2026-7420  [16/39] HBNY-GX-2026-7502  [17/39] GDSW-GX-2026-1831  [18/39] HBNY-GX-2026-7477  [19/39] HBNY-GX-2026-7505  [20/39] HBNY-GX-2026-7492  [21/39] HBNY-GX-2026-7518  [22/39] HBNY-GX-2026-7503  [23/39] GDSW-GX-2026-2260  [24/39] HBNY-GX-2026-7538  [25/39] HBNY-GX-2026-7485  [26/39] HBNY-GX-2026-7390  [27/39] HBNY-GX-2026-7526  [28/39] LSHB-GX-2026-3270  [29/39] ZBZZ-GX-2026-0459  [30/39] GDSWGC-GZ-2026-0143  [31/39] LSHB-GX-2026-3260  [32/39] HBNYGC-GZ-2026-0732  [33/39] LSHB-GX-2026-3306  [34/39] ZBZZ-GX-2026-0452  [35/39] LSHB-GX-2026-3303  [36/39] LSHB-GX-2026-3301  [37/39] GDSW-GX-2026-2296  [38/39] HBNY-GX-2026-7413  [39/39] HBNY-GX-2026-73952026-06-16T13:46:50.599Z - Refresh triggered
